2024-07-07 01:32:29,108 [Worker-8: Loading available Gradle versions] INFO  o.e.b.c.i.u.g.PublishedGradleVersions - Gradle version information cache is out-of-date. Trying to update.
2024-07-07 01:32:29,462 [Worker-8: Loading available Gradle versions] INFO  o.e.b.c.i.u.g.PublishedGradleVersions - Updating Gradle version information cache failed. Using outdated cache.
2024-07-07 01:32:53,697 [Worker-8: Loading available Gradle versions] INFO  o.e.b.c.i.u.g.PublishedGradleVersions - Gradle version information cache is out-of-date. Trying to update.
2024-07-07 01:32:54,032 [Worker-8: Loading available Gradle versions] INFO  o.e.b.c.i.u.g.PublishedGradleVersions - Updating Gradle version information cache failed. Using outdated cache.
2024-07-07 01:36:28,720 [Worker-3: Loading available Gradle versions] INFO  o.e.b.c.i.u.g.PublishedGradleVersions - Gradle version information cache is out-of-date. Trying to update.
2024-07-07 01:36:29,476 [Worker-3: Loading available Gradle versions] ERROR o.e.b.c.i.u.g.PublishedGradleVersions - Cannot write Gradle version information cache file.
java.io.FileNotFoundException: C:\Users\Aziz\.cache\tooling\gradle\versions.json (Eriþim engellendi)
	at java.base/java.io.FileOutputStream.open0(Native Method)
	at java.base/java.io.FileOutputStream.open(FileOutputStream.java:293)
	at java.base/java.io.FileOutputStream.<init>(FileOutputStream.java:235)
	at com.google.common.io.Files$FileByteSink.openStream(Files.java:197)
	at com.google.common.io.Files$FileByteSink.openStream(Files.java:185)
	at com.google.common.io.ByteSink$AsCharSink.openStream(ByteSink.java:152)
	at com.google.common.io.CharSource$StringCharSource.copyTo(CharSource.java:662)
	at org.eclipse.buildship.core.internal.util.gradle.PublishedGradleVersions.storeCacheVersionsFile(PublishedGradleVersions.java:184)
	at org.eclipse.buildship.core.internal.util.gradle.PublishedGradleVersions.tryToDownloadAndCacheVersions(PublishedGradleVersions.java:150)
	at org.eclipse.buildship.core.internal.util.gradle.PublishedGradleVersions.tryToUpdateOutdatedVersionsFile(PublishedGradleVersions.java:133)
	at org.eclipse.buildship.core.internal.util.gradle.PublishedGradleVersions.create(PublishedGradleVersions.java:117)
	at org.eclipse.buildship.core.internal.util.gradle.PublishedGradleVersionsWrapper$LoadVersionsJob.run(PublishedGradleVersionsWrapper.java:73)
	at org.eclipse.core.internal.jobs.Worker.run(Worker.java:63)
2024-07-07 01:38:53,760 [Worker-2: Building] INFO  o.e.m.c.i.l.LifecycleMappingFactory - Using org.eclipse.m2e.jdt.JarLifecycleMapping lifecycle mapping for MavenProject: com.example:TGPP-3:0.0.1-SNAPSHOT @ C:\Users\Aziz\Desktop\Görsel Programlama\TGPP-3\pom.xml.
2024-07-07 01:39:01,273 [Worker-2: Building] INFO  o.a.m.s.f.DefaultMavenResourcesFiltering - Copying 1 resource from src\main\resources to target\classes
2024-07-07 01:39:01,287 [Worker-2: Building] INFO  o.a.m.s.f.DefaultMavenResourcesFiltering - Copying 17 resources from src\main\resources to target\classes
2024-07-07 01:39:01,308 [Worker-2: Building] INFO  o.a.m.s.f.DefaultMavenResourcesFiltering - Copying 0 resource from src\test\resources to target\test-classes
2024-07-07 01:39:02,906 [Worker-3: Updating Maven Dependencies] INFO  o.e.m.c.i.l.LifecycleMappingFactory - Using org.eclipse.m2e.jdt.JarLifecycleMapping lifecycle mapping for MavenProject: com.odp:ODP:0.0.1-SNAPSHOT @ C:\Users\Aziz\Desktop\Görsel Programlama\ODP - Publisher and kullanici\pom.xml.
2024-07-07 01:39:03,219 [Worker-4: Building] INFO  o.e.m.c.i.l.LifecycleMappingFactory - Using org.eclipse.m2e.jdt.JarLifecycleMapping lifecycle mapping for MavenProject: com.odp:ODP:0.0.1-SNAPSHOT @ C:\Users\Aziz\Desktop\Görsel Programlama\ODP - Publisher and kullanici\pom.xml.
2024-07-07 01:39:06,222 [Worker-4: Building] INFO  o.a.m.s.f.DefaultMavenResourcesFiltering - Copying 1 resource from src\main\resources to target\classes
2024-07-07 01:39:06,240 [Worker-4: Building] INFO  o.a.m.s.f.DefaultMavenResourcesFiltering - Copying 14 resources from src\main\resources to target\classes
2024-07-07 01:39:06,278 [Worker-4: Building] INFO  o.a.m.s.f.DefaultMavenResourcesFiltering - skip non existing resourceDirectory C:\Users\Aziz\Desktop\Görsel Programlama\ODP - Publisher and kullanici\src\test\resources
2024-07-07 01:39:07,691 [Worker-25: Updating Maven Dependencies] INFO  o.e.m.c.i.l.LifecycleMappingFactory - Using org.eclipse.m2e.jdt.JarLifecycleMapping lifecycle mapping for MavenProject: com.odp:ODP:0.0.1-SNAPSHOT @ C:\Users\Aziz\Desktop\Görsel Programlama\ODP - Publisher and kullanici\pom.xml.
2024-07-07 01:39:07,747 [Worker-23: Building] INFO  o.a.m.s.f.DefaultMavenResourcesFiltering - Copying 1 resource from src\main\resources to target\classes
2024-07-07 01:39:07,762 [Worker-23: Building] INFO  o.a.m.s.f.DefaultMavenResourcesFiltering - Copying 14 resources from src\main\resources to target\classes
2024-07-07 01:39:07,788 [Worker-23: Building] INFO  o.a.m.s.f.DefaultMavenResourcesFiltering - skip non existing resourceDirectory C:\Users\Aziz\Desktop\Görsel Programlama\ODP - Publisher and kullanici\src\test\resources
2024-07-07 01:39:08,825 [Worker-25: Updating Maven Dependencies] INFO  o.e.m.c.i.l.LifecycleMappingFactory - Using org.eclipse.m2e.jdt.JarLifecycleMapping lifecycle mapping for MavenProject: com.example:TGPP-3:0.0.1-SNAPSHOT @ C:\Users\Aziz\Desktop\Görsel Programlama\TGPP-3\pom.xml.
2024-07-07 01:39:08,899 [Worker-23: Building] INFO  o.a.m.s.f.DefaultMavenResourcesFiltering - Copying 1 resource from src\main\resources to target\classes
2024-07-07 01:39:08,916 [Worker-23: Building] INFO  o.a.m.s.f.DefaultMavenResourcesFiltering - Copying 17 resources from src\main\resources to target\classes
2024-07-07 01:39:08,959 [Worker-23: Building] INFO  o.a.m.s.f.DefaultMavenResourcesFiltering - Copying 0 resource from src\test\resources to target\test-classes
2024-07-07 01:41:01,905 [Worker-17: Building] INFO  o.e.m.c.i.l.LifecycleMappingFactory - Using org.eclipse.m2e.jdt.JarLifecycleMapping lifecycle mapping for MavenProject: com.odp:ODP:0.0.1-SNAPSHOT @ C:\Users\Aziz\Desktop\Görsel Programlama\ODP\pom.xml.
2024-07-07 01:41:02,509 [Worker-17: Building] INFO  o.a.m.s.f.DefaultMavenResourcesFiltering - Copying 1 resource from src\main\resources to target\classes
2024-07-07 01:41:02,522 [Worker-17: Building] INFO  o.a.m.s.f.DefaultMavenResourcesFiltering - Copying 24 resources from src\main\resources to target\classes
2024-07-07 01:41:02,585 [Worker-17: Building] INFO  o.a.m.s.f.DefaultMavenResourcesFiltering - skip non existing resourceDirectory C:\Users\Aziz\Desktop\Görsel Programlama\ODP\src\test\resources
2024-07-07 01:41:03,275 [Worker-19: Updating Maven Dependencies] INFO  o.e.m.c.i.l.LifecycleMappingFactory - Using org.eclipse.m2e.jdt.JarLifecycleMapping lifecycle mapping for MavenProject: com.odp:ODP:0.0.1-SNAPSHOT @ C:\Users\Aziz\Desktop\Görsel Programlama\ODP\pom.xml.
2024-07-07 01:41:03,555 [Worker-23: Building] INFO  o.a.m.s.f.DefaultMavenResourcesFiltering - Copying 1 resource from src\main\resources to target\classes
2024-07-07 01:41:03,567 [Worker-23: Building] INFO  o.a.m.s.f.DefaultMavenResourcesFiltering - Copying 24 resources from src\main\resources to target\classes
2024-07-07 01:41:03,605 [Worker-23: Building] INFO  o.a.m.s.f.DefaultMavenResourcesFiltering - skip non existing resourceDirectory C:\Users\Aziz\Desktop\Görsel Programlama\ODP\src\test\resources
2024-08-06 12:45:36,528 [Worker-6: Loading available Gradle versions] INFO  o.e.b.c.i.u.g.PublishedGradleVersions - Gradle version information cache is out-of-date. Trying to update.
2024-08-06 12:45:37,275 [Worker-6: Loading available Gradle versions] ERROR o.e.b.c.i.u.g.PublishedGradleVersions - Cannot write Gradle version information cache file.
java.io.FileNotFoundException: C:\Users\Aziz\.cache\tooling\gradle\versions.json (Eriþim engellendi)
	at java.base/java.io.FileOutputStream.open0(Native Method)
	at java.base/java.io.FileOutputStream.open(FileOutputStream.java:293)
	at java.base/java.io.FileOutputStream.<init>(FileOutputStream.java:235)
	at com.google.common.io.Files$FileByteSink.openStream(Files.java:197)
	at com.google.common.io.Files$FileByteSink.openStream(Files.java:185)
	at com.google.common.io.ByteSink$AsCharSink.openStream(ByteSink.java:152)
	at com.google.common.io.CharSource$StringCharSource.copyTo(CharSource.java:662)
	at org.eclipse.buildship.core.internal.util.gradle.PublishedGradleVersions.storeCacheVersionsFile(PublishedGradleVersions.java:184)
	at org.eclipse.buildship.core.internal.util.gradle.PublishedGradleVersions.tryToDownloadAndCacheVersions(PublishedGradleVersions.java:150)
	at org.eclipse.buildship.core.internal.util.gradle.PublishedGradleVersions.tryToUpdateOutdatedVersionsFile(PublishedGradleVersions.java:133)
	at org.eclipse.buildship.core.internal.util.gradle.PublishedGradleVersions.create(PublishedGradleVersions.java:117)
	at org.eclipse.buildship.core.internal.util.gradle.PublishedGradleVersionsWrapper$LoadVersionsJob.run(PublishedGradleVersionsWrapper.java:73)
	at org.eclipse.core.internal.jobs.Worker.run(Worker.java:63)
2024-08-06 12:49:48,286 [Worker-6: Loading available Gradle versions] INFO  o.e.b.c.i.u.g.PublishedGradleVersions - Gradle version information cache is out-of-date. Trying to update.
2024-08-06 12:49:48,557 [Worker-6: Loading available Gradle versions] ERROR o.e.b.c.i.u.g.PublishedGradleVersions - Cannot write Gradle version information cache file.
java.io.FileNotFoundException: C:\Users\Aziz\.cache\tooling\gradle\versions.json (Eriþim engellendi)
	at java.base/java.io.FileOutputStream.open0(Native Method)
	at java.base/java.io.FileOutputStream.open(FileOutputStream.java:293)
	at java.base/java.io.FileOutputStream.<init>(FileOutputStream.java:235)
	at com.google.common.io.Files$FileByteSink.openStream(Files.java:197)
	at com.google.common.io.Files$FileByteSink.openStream(Files.java:185)
	at com.google.common.io.ByteSink$AsCharSink.openStream(ByteSink.java:152)
	at com.google.common.io.CharSource$StringCharSource.copyTo(CharSource.java:662)
	at org.eclipse.buildship.core.internal.util.gradle.PublishedGradleVersions.storeCacheVersionsFile(PublishedGradleVersions.java:184)
	at org.eclipse.buildship.core.internal.util.gradle.PublishedGradleVersions.tryToDownloadAndCacheVersions(PublishedGradleVersions.java:150)
	at org.eclipse.buildship.core.internal.util.gradle.PublishedGradleVersions.tryToUpdateOutdatedVersionsFile(PublishedGradleVersions.java:133)
	at org.eclipse.buildship.core.internal.util.gradle.PublishedGradleVersions.create(PublishedGradleVersions.java:117)
	at org.eclipse.buildship.core.internal.util.gradle.PublishedGradleVersionsWrapper$LoadVersionsJob.run(PublishedGradleVersionsWrapper.java:73)
	at org.eclipse.core.internal.jobs.Worker.run(Worker.java:63)
